<?xml version="1.0" encoding="UTF-8" ?>
<testsuites errors="0"
            failures="1"
            tests="1">

  <testsuite name="test"
    errors="0" failures="1" hostname="" id="" package="test" skipped="9"
    tests="1" time="5.593" timestamp="">
  
    <testcase name="Test Evens and Odds Title" classname="test" time="5.593" assertions="1">  <failure message="Timed out while waiting for element &lt;(//h4)[1]&gt; to be present for 5000 milliseconds. - expected [0;32m&#34;visible&#34;[0m but got: [0;31m&#34;not found&#34;[0m">    at Object.Test Evens and Odds Title (C:\Users\mallmath\Desktop\DevMountain\Checkpoint2-Project\tests\test.js:11:14)
    at processTicksAndRejections (internal/process/task_queues.js:93:5)</failure>

    <failure message="    at Object.Test Evens and Odds Title (C:\Users\mallmath\Desktop\DevMountain\Checkpoint2-Project\tests\test.js:11:14)">    at processTicksAndRejections (internal/process/task_queues.js:93:5)</failure>
    </testcase>
  

  

  
    
    <testcase
      name="Test Evens and Odds" classname="test">
      <skipped />
    </testcase>
    
    <testcase
      name="Test Filter Object Title" classname="test">
      <skipped />
    </testcase>
    
    <testcase
      name="Test Filter Object" classname="test">
      <skipped />
    </testcase>
    
    <testcase
      name="Test Filter String Title" classname="test">
      <skipped />
    </testcase>
    
    <testcase
      name="Test Filter String" classname="test">
      <skipped />
    </testcase>
    
    <testcase
      name="Test Palindrome Title" classname="test">
      <skipped />
    </testcase>
    
    <testcase
      name="Test Palindrome" classname="test">
      <skipped />
    </testcase>
    
    <testcase
      name="Test Sum Title" classname="test">
      <skipped />
    </testcase>
    
    <testcase
      name="Test Sum" classname="test">
      <skipped />
    </testcase>
    
  
  </testsuite>
</testsuites>
